Flow report for Laboratorio3
Sat Mar 14 17:54:29 2020
Quartus II 64-Bit Version 13.0.0 Build 156 04/24/2013 SJ Web Edition


---------------------
; Table of Contents ;
---------------------
  1. Legal Notice
  2. Flow Summary
  3. Flow Settings
  4. Flow Non-Default Global Settings
  5. Flow Elapsed Time
  6. Flow OS Summary
  7. Flow Log
  8. Flow Messages
  9. Flow Suppressed Messages



----------------
; Legal Notice ;
----------------
Copyright (C) 1991-2013 Altera Corporation
Your use of Altera Corporation's design tools, logic functions 
and other software and tools, and its AMPP partner logic 
functions, and any output files from any of the foregoing 
(including device programming or simulation files), and any 
associated documentation or information are expressly subject 
to the terms and conditions of the Altera Program License 
Subscription Agreement, Altera MegaCore Function License 
Agreement, or other applicable license agreement, including, 
without limitation, that your use is for the sole purpose of 
programming logic devices manufactured by Altera and sold by 
Altera or its authorized distributors.  Please refer to the 
applicable agreement for further details.



+---------------------------------------------------------------------------------+
; Flow Summary                                                                    ;
+------------------------------------+--------------------------------------------+
; Flow Status                        ; Successful - Sat Mar 14 17:54:29 2020      ;
; Quartus II 64-Bit Version          ; 13.0.0 Build 156 04/24/2013 SJ Web Edition ;
; Revision Name                      ; Laboratorio3                               ;
; Top-level Entity Name              ; bloque_fsm_2                               ;
; Family                             ; Cyclone IV E                               ;
; Device                             ; EP4CE22F17C6                               ;
; Timing Models                      ; Final                                      ;
; Total logic elements               ; 15 / 22,320 ( < 1 % )                      ;
;     Total combinational functions  ; 15 / 22,320 ( < 1 % )                      ;
;     Dedicated logic registers      ; 11 / 22,320 ( < 1 % )                      ;
; Total registers                    ; 11                                         ;
; Total pins                         ; 5 / 154 ( 3 % )                            ;
; Total virtual pins                 ; 0                                          ;
; Total memory bits                  ; 0 / 608,256 ( 0 % )                        ;
; Embedded Multiplier 9-bit elements ; 0 / 132 ( 0 % )                            ;
; Total PLLs                         ; 0 / 4 ( 0 % )                              ;
+------------------------------------+--------------------------------------------+


+-----------------------------------------+
; Flow Settings                           ;
+-------------------+---------------------+
; Option            ; Setting             ;
+-------------------+---------------------+
; Start date & time ; 03/14/2020 17:12:01 ;
; Main task         ; Compilation         ;
; Revision Name     ; Laboratorio3        ;
+-------------------+---------------------+


+-----------------------------------------------------------------------------------------------------------------------------+
; Flow Non-Default Global Settings                                                                                            ;
+-------------------------------------+---------------------------------------+---------------+--------------+----------------+
; Assignment Name                     ; Value                                 ; Default Value ; Entity Name  ; Section Id     ;
+-------------------------------------+---------------------------------------+---------------+--------------+----------------+
; COMPILER_SIGNATURE_ID               ; 141734666577567.158422392102920       ; --            ; --           ; --             ;
; EDA_GENERATE_FUNCTIONAL_NETLIST     ; On                                    ; --            ; --           ; eda_simulation ;
; EDA_OUTPUT_DATA_FORMAT              ; Verilog Hdl                           ; --            ; --           ; eda_simulation ;
; EDA_SIMULATION_TOOL                 ; ModelSim-Altera (Verilog)             ; <None>        ; --           ; --             ;
; EDA_TIME_SCALE                      ; 1 ps                                  ; --            ; --           ; eda_simulation ;
; MAX_CORE_JUNCTION_TEMP              ; 85                                    ; --            ; --           ; --             ;
; MIN_CORE_JUNCTION_TEMP              ; 0                                     ; --            ; --           ; --             ;
; NOMINAL_CORE_SUPPLY_VOLTAGE         ; 1.2V                                  ; --            ; --           ; --             ;
; PARTITION_COLOR                     ; 16764057                              ; --            ; bloque_fsm_2 ; Top            ;
; PARTITION_FITTER_PRESERVATION_LEVEL ; PLACEMENT_AND_ROUTING                 ; --            ; bloque_fsm_2 ; Top            ;
; PARTITION_NETLIST_TYPE              ; SOURCE                                ; --            ; bloque_fsm_2 ; Top            ;
; POWER_BOARD_THERMAL_MODEL           ; None (CONSERVATIVE)                   ; --            ; --           ; --             ;
; POWER_PRESET_COOLING_SOLUTION       ; 23 MM HEAT SINK WITH 200 LFPM AIRFLOW ; --            ; --           ; --             ;
; PROJECT_OUTPUT_DIRECTORY            ; output_files                          ; --            ; --           ; --             ;
; TOP_LEVEL_ENTITY                    ; bloque_fsm_2                          ; Laboratorio3  ; --           ; --             ;
+-------------------------------------+---------------------------------------+---------------+--------------+----------------+


+-------------------------------------------------------------------------------------------------------------------------------+
; Flow Elapsed Time                                                                                                             ;
+---------------------------+--------------+-------------------------+---------------------+------------------------------------+
; Module Name               ; Elapsed Time ; Average Processors Used ; Peak Virtual Memory ; Total CPU Time (on all processors) ;
+---------------------------+--------------+-------------------------+---------------------+------------------------------------+
; Analysis & Synthesis      ; 00:00:01     ; 1.0                     ; 4633 MB             ; 00:00:01                           ;
; Fitter                    ; 00:00:06     ; 1.0                     ; 4938 MB             ; 00:00:06                           ;
; Assembler                 ; 00:00:02     ; 1.0                     ; 4543 MB             ; 00:00:01                           ;
; TimeQuest Timing Analyzer ; 00:00:02     ; 1.0                     ; 4621 MB             ; 00:00:02                           ;
; EDA Netlist Writer        ; 00:00:01     ; 1.0                     ; 4500 MB             ; 00:00:00                           ;
; EDA Netlist Writer        ; 00:00:00     ; 1.0                     ; 4508 MB             ; 00:00:01                           ;
; EDA Netlist Writer        ; 00:00:00     ; 1.0                     ; 4508 MB             ; 00:00:01                           ;
; EDA Netlist Writer        ; 00:00:00     ; 1.0                     ; 4508 MB             ; 00:00:00                           ;
; EDA Netlist Writer        ; 00:00:00     ; 1.0                     ; 4508 MB             ; 00:00:01                           ;
; EDA Netlist Writer        ; 00:00:00     ; 1.0                     ; 4508 MB             ; 00:00:00                           ;
; EDA Netlist Writer        ; 00:00:00     ; 1.0                     ; 4508 MB             ; 00:00:01                           ;
; EDA Netlist Writer        ; 00:00:01     ; 1.0                     ; 4508 MB             ; 00:00:01                           ;
; EDA Netlist Writer        ; 00:00:02     ; 1.0                     ; 4508 MB             ; 00:00:01                           ;
; Total                     ; 00:00:15     ; --                      ; --                  ; 00:00:16                           ;
+---------------------------+--------------+-------------------------+---------------------+------------------------------------+


+----------------------------------------------------------------------------------------+
; Flow OS Summary                                                                        ;
+---------------------------+------------------+-----------+------------+----------------+
; Module Name               ; Machine Hostname ; OS Name   ; OS Version ; Processor type ;
+---------------------------+------------------+-----------+------------+----------------+
; Analysis & Synthesis      ; LAPTOP-QIA836GT  ; Windows 7 ; 6.2        ; x86_64         ;
; Fitter                    ; LAPTOP-QIA836GT  ; Windows 7 ; 6.2        ; x86_64         ;
; Assembler                 ; LAPTOP-QIA836GT  ; Windows 7 ; 6.2        ; x86_64         ;
; TimeQuest Timing Analyzer ; LAPTOP-QIA836GT  ; Windows 7 ; 6.2        ; x86_64         ;
; EDA Netlist Writer        ; LAPTOP-QIA836GT  ; Windows 7 ; 6.2        ; x86_64         ;
; EDA Netlist Writer        ; LAPTOP-QIA836GT  ; Windows 7 ; 6.2        ; x86_64         ;
; EDA Netlist Writer        ; LAPTOP-QIA836GT  ; Windows 7 ; 6.2        ; x86_64         ;
; EDA Netlist Writer        ; LAPTOP-QIA836GT  ; Windows 7 ; 6.2        ; x86_64         ;
; EDA Netlist Writer        ; LAPTOP-QIA836GT  ; Windows 7 ; 6.2        ; x86_64         ;
; EDA Netlist Writer        ; LAPTOP-QIA836GT  ; Windows 7 ; 6.2        ; x86_64         ;
; EDA Netlist Writer        ; LAPTOP-QIA836GT  ; Windows 7 ; 6.2        ; x86_64         ;
; EDA Netlist Writer        ; LAPTOP-QIA836GT  ; Windows 7 ; 6.2        ; x86_64         ;
; EDA Netlist Writer        ; LAPTOP-QIA836GT  ; Windows 7 ; 6.2        ; x86_64         ;
+---------------------------+------------------+-----------+------------+----------------+


------------
; Flow Log ;
------------
quartus_map --read_settings_files=on --write_settings_files=off Laboratorio3 -c Laboratorio3
quartus_fit --read_settings_files=off --write_settings_files=off Laboratorio3 -c Laboratorio3
quartus_asm --read_settings_files=off --write_settings_files=off Laboratorio3 -c Laboratorio3
quartus_sta Laboratorio3 -c Laboratorio3
quartus_eda --read_settings_files=off --write_settings_files=off Laboratorio3 -c Laboratorio3
quartus_eda --gen_testbench --check_outputs=on --tool=modelsim_oem --format=verilog Laboratorio3 -c Laboratorio3 --vector_source="C:/Users/alejo/Desktop/Universidad Del Valle/Sexto Semestre/LabDigitalesII/States_Machine_Laboratory/prueba2_sinc.vwf" --testbench_file=./simulation/qsim/Laboratorio3.vt
quartus_eda --functional=on --simulation=on --tool=modelsim_oem --format=verilog Laboratorio3 -c Laboratorio3
quartus_eda --gen_testbench --check_outputs=on --tool=modelsim_oem --format=verilog Laboratorio3 -c Laboratorio3 --vector_source="C:/Users/alejo/Desktop/Universidad Del Valle/Sexto Semestre/LabDigitalesII/States_Machine_Laboratory/prueba2_sinc.vwf" --testbench_file=./simulation/qsim/Laboratorio3.vt
quartus_eda --functional=on --simulation=on --tool=modelsim_oem --format=verilog Laboratorio3 -c Laboratorio3
quartus_eda --gen_testbench --check_outputs=on --tool=modelsim_oem --format=verilog Laboratorio3 -c Laboratorio3 --vector_source="C:/Users/alejo/Desktop/Universidad Del Valle/Sexto Semestre/LabDigitalesII/States_Machine_Laboratory/prueba2_sinc.vwf" --testbench_file=./simulation/qsim/Laboratorio3.vt
quartus_eda --functional=on --simulation=on --tool=modelsim_oem --format=verilog Laboratorio3 -c Laboratorio3
quartus_eda --gen_testbench --check_outputs=on --tool=modelsim_oem --format=verilog Laboratorio3 -c Laboratorio3 --vector_source="C:/Users/alejo/Desktop/Universidad Del Valle/Sexto Semestre/LabDigitalesII/States_Machine_Laboratory/prueba2_sinc.vwf" --testbench_file=./simulation/qsim/Laboratorio3.vt
quartus_eda --functional=on --simulation=on --tool=modelsim_oem --format=verilog Laboratorio3 -c Laboratorio3



